<?xml version="1.0" encoding="UTF-8"?>
<!-- Generated by org.testng.reporters.JUnitReportReporter -->
<testsuite hostname="HOSAGOUD3" failures="0" tests="1" name="sampleTest.sample" time="0.005" errors="0" timestamp="2023-04-05T12:30:20 IST" skipped="0">
  <testcase classname="sampleTest.sample" name="test" time="0.005"/>
  <system-out/>
</testsuite> <!-- sampleTest.sample -->
