<?xml version="1.0" encoding="UTF-8"?>
<!-- Generated by org.testng.reporters.JUnitReportReporter -->
<testsuite hostname="HOSAGOUD3" failures="0" tests="1" name="sampleTest.SampleRun" time="0.007" errors="0" timestamp="2023-04-05T14:45:13 IST" skipped="0">
  <testcase classname="sampleTest.SampleRun" name="samplerun" time="0.007"/>
  <system-out/>
</testsuite> <!-- sampleTest.SampleRun -->
