<?xml version="1.0" encoding="UTF-8"?>
<!-- Generated by org.testng.reporters.JUnitReportReporter -->
<testsuite hostname="HOSAGOUD3" failures="0" tests="1" name="sampleTest.SampleRun" time="0.010" errors="0" timestamp="2023-04-06T11:17:42 IST" skipped="0">
  <testcase classname="sampleTest.SampleRun" name="samplerun" time="0.010"/>
  <system-out/>
</testsuite> <!-- sampleTest.SampleRun -->
